<?xml version="1.0" encoding="UTF-8"?>
<!-- Generated by org.testng.reporters.JUnitReportReporter -->
<testsuite hostname="DESKTOP-C5HH2PE" failures="0" tests="1" name="com.amazon.test.day2" time="0.049" errors="0" timestamp="2024-01-23T14:27:30 IST" skipped="0">
  <testcase classname="com.amazon.test.day2" name="ploan" time="0.049"/>
</testsuite> <!-- com.amazon.test.day2 -->
