<?xml version="1.0" encoding="UTF-8"?>
<!-- Generated by org.testng.reporters.JUnitReportReporter -->
<testsuite hostname="DESKTOP-C5HH2PE" failures="0" tests="1" name="com.amazon.test.BRowserchecking" time="8.036" errors="0" timestamp="2024-01-23T16:06:25 IST" skipped="0">
  <testcase classname="com.amazon.test.BRowserchecking" name="Opernbrowser" time="8.036"/>
</testsuite> <!-- com.amazon.test.BRowserchecking -->
