<?xml version="1.0" encoding="UTF-8"?>
<!-- Generated by org.testng.reporters.JUnitReportReporter -->
<testsuite hostname="DESKTOP-C5HH2PE" failures="0" tests="2" name="com.amazon.test.day4" time="0.003" errors="0" timestamp="2023-12-18T15:32:56 IST" skipped="0">
  <testcase classname="com.amazon.test.day4" name="NewLoan" time="0.001"/>
  <testcase classname="com.amazon.test.day4" name="PersonalLoan" time="0.002"/>
</testsuite> <!-- com.amazon.test.day4 -->
