<?xml version="1.0" encoding="UTF-8"?>
<!-- Generated by org.testng.reporters.JUnitReportReporter -->
<testsuite hostname="DESKTOP-C5HH2PE" failures="0" tests="3" name="com.amazon.test.day3" time="0.011" errors="0" timestamp="2023-12-21T09:08:46 IST" skipped="0">
  <testcase classname="com.amazon.test.day3" name="WebloginHomeLoan" time="0.003"/>
  <testcase classname="com.amazon.test.day3" name="ApiloginHomeLoanaa" time="0.007"/>
  <testcase classname="com.amazon.test.day3" name="ApiloginHomeLoan" time="0.001"/>
</testsuite> <!-- com.amazon.test.day3 -->
