<?xml version="1.0" encoding="UTF-8"?>
<!-- Generated by org.testng.reporters.JUnitReportReporter -->
<testsuite hostname="DESKTOP-C5HH2PE" failures="0" tests="2" name="com.amazon.test.day1" time="0.008" errors="0" timestamp="2023-12-21T09:08:46 IST" skipped="0">
  <testcase classname="com.amazon.test.day1" name="Demo" time="0.006"/>
  <testcase classname="com.amazon.test.day1" name="SecondTest" time="0.002"/>
</testsuite> <!-- com.amazon.test.day1 -->
